<?xml version="1.0" encoding="UTF-8"?>
<!-- Generated by org.testng.reporters.JUnitReportReporter -->
<testsuite skipped="0" hostname="Admin-PC" name="Scripts.ValidLogin" tests="1" failures="0" timestamp="18 Feb 2019 18:29:14 GMT" time="22.322" errors="0">
  <testcase name="testValidLogin" time="22.322" classname="Scripts.ValidLogin"/>
</testsuite> <!-- Scripts.ValidLogin -->
